nohup: ignoring input
Starting at Mon Jun 17 14:31:57 2024, pid: 465591
Getting a subset of inf from /disk2/data/the-stack/the-stack-dedup_v1.parquet with min size 0, languages ['Python']
Total size reached: 59.888 GiB
Total number of files: 12962249
Parquet /disk2/federico/the-stack/langs/the-stack-60G-py.parquet created in 20086 s
Ending at Mon Jun 17 20:06:44 2024

nohup: ignoring input
Starting at Tue Jun 18 08:24:12 2024, pid: 521997
Getting a subset of inf from /disk2/data/the-stack/the-stack-dedup_v1.parquet with min size 0, languages ['Java']
Total size reached: 83.164 GiB
Total number of files: 20151565
Parquet /disk2/federico/the-stack/langs/the-stack-83G-java.parquet created in 21521 s
Ending at Tue Jun 18 14:22:53 2024

nohup: ignoring input
Starting at Wed Jun 19 00:30:50 2024, pid: 600249
Getting a subset of inf from /disk2/data/the-stack/the-stack-dedup_v1.parquet with min size 0, languages ['C', 'C++']
Total size reached: 100.881 GiB
Total number of files: 15003473
Parquet /disk2/federico/the-stack/langs/the-stack-101G-cc.parquet created in 21544 s
Ending at Wed Jun 19 06:29:54 2024

nohup: ignoring input
Starting at Wed Jun 19 09:00:36 2024, pid: 635334
Getting a subset of inf from /disk2/data/the-stack/the-stack-dedup_v1.parquet with min size 0, languages ['JavaScript']
Total size reached: 131.919 GiB
Total number of files: 21108587
Parquet /disk2/federico/the-stack/langs/the-stack-132G-js.parquet created in 23803 s
Ending at Wed Jun 19 15:37:19 2024
